# JRE version: Java(TM) SE Runtime Environment (7.0_51-b13) (build 1.7.0_51-b13)
# Java VM: Java HotSpot(TM) Client VM (24.51-b03 mixed mode, sharing windows-x86 )
Heap
 def new generation   total 53760K, used 47712K [0x116a0000, 0x150f0000, 0x19f40000)
  eden space 47808K,  88% used [0x116a0000, 0x14016060, 0x14550000)
  from space 5952K,  88% used [0x14b20000, 0x15042028, 0x150f0000)
  to   space 5952K,   0% used [0x14550000, 0x14550000, 0x14b20000)
 tenured generation   total 119316K, used 111771K [0x19f40000, 0x213c5000, 0x2b0a0000)
   the space 119316K,  93% used [0x19f40000, 0x20c66c78, 0x20c66e00, 0x213c5000)
 compacting perm gen  total 48128K, used 48102K [0x2b0a0000, 0x2dfa0000, 0x3b0a0000)
   the space 48128K,  99% used [0x2b0a0000, 0x2df99810, 0x2df99a00, 0x2dfa0000)
    ro space 10240K,  44% used [0x3b0a0000, 0x3b517e30, 0x3b518000, 0x3baa0000)
    rw space 12288K,  52% used [0x3baa0000, 0x3c0eeb58, 0x3c0eec00, 0x3c6a0000)
GC Heap History (10 events):
Event: 684.044 GC heap before
{Heap before GC invocations=145 (full 7):
 def new generation   total 53760K, used 53056K [0x116a0000, 0x150f0000, 0x19f40000)
  eden space 47808K, 100% used [0x116a0000, 0x14550000, 0x14550000)
  from space 5952K,  88% used [0x14550000, 0x14a70228, 0x14b20000)
  to   space 5952K,   0% used [0x14b20000, 0x14b20000, 0x150f0000)
 tenured generation   total 119316K, used 99508K [0x19f40000, 0x213c5000, 0x2b0a0000)
   the space 119316K,  83% used [0x19f40000, 0x2006d340, 0x2006d400, 0x213c5000)
 compacting perm gen  total 48128K, used 48102K [0x2b0a0000, 0x2dfa0000, 0x3b0a0000)
   the space 48128K,  99% used [0x2b0a0000, 0x2df99810, 0x2df99a00, 0x2dfa0000)
    ro space 10240K,  44% used [0x3b0a0000, 0x3b517e30, 0x3b518000, 0x3baa0000)
    rw space 12288K,  52% used [0x3baa0000, 0x3c0eeb58, 0x3c0eec00, 0x3c6a0000)
Event: 684.053 GC heap after
Heap after GC invocations=146 (full 7):
 def new generation   total 53760K, used 5668K [0x116a0000, 0x150f0000, 0x19f40000)
  eden space 47808K,   0% used [0x116a0000, 0x116a0000, 0x14550000)
  from space 5952K,  95% used [0x14b20000, 0x150a9220, 0x150f0000)
  to   space 5952K,   0% used [0x14550000, 0x14550000, 0x14b20000)
 tenured generation   total 119316K, used 99751K [0x19f40000, 0x213c5000, 0x2b0a0000)
   the space 119316K,  83% used [0x19f40000, 0x200a9ee0, 0x200aa000, 0x213c5000)
 compacting perm gen  total 48128K, used 48102K [0x2b0a0000, 0x2dfa0000, 0x3b0a0000)
   the space 48128K,  99% used [0x2b0a0000, 0x2df99810, 0x2df99a00, 0x2dfa0000)
    ro space 10240K,  44% used [0x3b0a0000, 0x3b517e30, 0x3b518000, 0x3baa0000)
    rw space 12288K,  52% used [0x3baa0000, 0x3c0eeb58, 0x3c0eec00, 0x3c6a0000)
}
Event: 684.558 GC heap before
{Heap before GC invocations=146 (full 7):
 def new generation   total 53760K, used 53476K [0x116a0000, 0x150f0000, 0x19f40000)
  eden space 47808K, 100% used [0x116a0000, 0x14550000, 0x14550000)
  from space 5952K,  95% used [0x14b20000, 0x150a9220, 0x150f0000)
  to   space 5952K,   0% used [0x14550000, 0x14550000, 0x14b20000)
 tenured generation   total 119316K, used 99751K [0x19f40000, 0x213c5000, 0x2b0a0000)
   the space 119316K,  83% used [0x19f40000, 0x200a9ee0, 0x200aa000, 0x213c5000)
 compacting perm gen  total 48128K, used 48102K [0x2b0a0000, 0x2dfa0000, 0x3b0a0000)
   the space 48128K,  99% used [0x2b0a0000, 0x2df99810, 0x2df99a00, 0x2dfa0000)
    ro space 10240K,  44% used [0x3b0a0000, 0x3b517e30, 0x3b518000, 0x3baa0000)
    rw space 12288K,  52% used [0x3baa0000, 0x3c0eeb58, 0x3c0eec00, 0x3c6a0000)
Event: 684.568 GC heap after
Heap after GC invocations=147 (full 7):
 def new generation   total 53760K, used 4782K [0x116a0000, 0x150f0000, 0x19f40000)
  eden space 47808K,   0% used [0x116a0000, 0x116a0000, 0x14550000)
  from space 5952K,  80% used [0x14550000, 0x149fbb50, 0x14b20000)
  to   space 5952K,   0% used [0x14b20000, 0x14b20000, 0x150f0000)
 tenured generation   total 119316K, used 101378K [0x19f40000, 0x213c5000, 0x2b0a0000)
   the space 119316K,  84% used [0x19f40000, 0x20240918, 0x20240a00, 0x213c5000)
 compacting perm gen  total 48128K, used 48102K [0x2b0a0000, 0x2dfa0000, 0x3b0a0000)
   the space 48128K,  99% used [0x2b0a0000, 0x2df99810, 0x2df99a00, 0x2dfa0000)
    ro space 10240K,  44% used [0x3b0a0000, 0x3b517e30, 0x3b518000, 0x3baa0000)
    rw space 12288K,  52% used [0x3baa0000, 0x3c0eeb58, 0x3c0eec00, 0x3c6a0000)
}
Event: 686.706 GC heap before
{Heap before GC invocations=147 (full 7):
 def new generation   total 53760K, used 51262K [0x116a0000, 0x150f0000, 0x19f40000)
  eden space 47808K,  97% used [0x116a0000, 0x14404058, 0x14550000)
  from space 5952K,  80% used [0x14550000, 0x149fbb50, 0x14b20000)
  to   space 5952K,   0% used [0x14b20000, 0x14b20000, 0x150f0000)
 tenured generation   total 119316K, used 101378K [0x19f40000, 0x213c5000, 0x2b0a0000)
   the space 119316K,  84% used [0x19f40000, 0x20240918, 0x20240a00, 0x213c5000)
 compacting perm gen  total 48128K, used 48102K [0x2b0a0000, 0x2dfa0000, 0x3b0a0000)
   the space 48128K,  99% used [0x2b0a0000, 0x2df99810, 0x2df99a00, 0x2dfa0000)
    ro space 10240K,  44% used [0x3b0a0000, 0x3b517e30, 0x3b518000, 0x3baa0000)
    rw space 12288K,  52% used [0x3baa0000, 0x3c0eeb58, 0x3c0eec00, 0x3c6a0000)
Event: 686.716 GC heap after
Heap after GC invocations=148 (full 7):
 def new generation   total 53760K, used 3155K [0x116a0000, 0x150f0000, 0x19f40000)
  eden space 47808K,   0% used [0x116a0000, 0x116a0000, 0x14550000)
  from space 5952K,  53% used [0x14b20000, 0x14e34c28, 0x150f0000)
  to   space 5952K,   0% used [0x14550000, 0x14550000, 0x14b20000)
 tenured generation   total 119316K, used 104603K [0x19f40000, 0x213c5000, 0x2b0a0000)
   the space 119316K,  87% used [0x19f40000, 0x20566e48, 0x20567000, 0x213c5000)
 compacting perm gen  total 48128K, used 48102K [0x2b0a0000, 0x2dfa0000, 0x3b0a0000)
   the space 48128K,  99% used [0x2b0a0000, 0x2df99810, 0x2df99a00, 0x2dfa0000)
    ro space 10240K,  44% used [0x3b0a0000, 0x3b517e30, 0x3b518000, 0x3baa0000)
    rw space 12288K,  52% used [0x3baa0000, 0x3c0eeb58, 0x3c0eec00, 0x3c6a0000)
}
Event: 691.245 GC heap before
{Heap before GC invocations=148 (full 7):
 def new generation   total 53760K, used 50170K [0x116a0000, 0x150f0000, 0x19f40000)
  eden space 47808K,  98% used [0x116a0000, 0x14489ec8, 0x14550000)
  from space 5952K,  53% used [0x14b20000, 0x14e34c28, 0x150f0000)
  to   space 5952K,   0% used [0x14550000, 0x14550000, 0x14b20000)
 tenured generation   total 119316K, used 104603K [0x19f40000, 0x213c5000, 0x2b0a0000)
   the space 119316K,  87% used [0x19f40000, 0x20566e48, 0x20567000, 0x213c5000)
 compacting perm gen  total 48128K, used 48102K [0x2b0a0000, 0x2dfa0000, 0x3b0a0000)
   the space 48128K,  99% used [0x2b0a0000, 0x2df99810, 0x2df99a00, 0x2dfa0000)
    ro space 10240K,  44% used [0x3b0a0000, 0x3b517e30, 0x3b518000, 0x3baa0000)
    rw space 12288K,  52% used [0x3baa0000, 0x3c0eeb58, 0x3c0eec00, 0x3c6a0000)
Event: 691.261 GC heap after
Heap after GC invocations=149 (full 7):
 def new generation   total 53760K, used 5588K [0x116a0000, 0x150f0000, 0x19f40000)
  eden space 47808K,   0% used [0x116a0000, 0x116a0000, 0x14550000)
  from space 5952K,  93% used [0x14550000, 0x14ac5058, 0x14b20000)
  to   space 5952K,   0% used [0x14b20000, 0x14b20000, 0x150f0000)
 tenured generation   total 119316K, used 109412K [0x19f40000, 0x213c5000, 0x2b0a0000)
   the space 119316K,  91% used [0x19f40000, 0x20a19220, 0x20a19400, 0x213c5000)
 compacting perm gen  total 48128K, used 48102K [0x2b0a0000, 0x2dfa0000, 0x3b0a0000)
   the space 48128K,  99% used [0x2b0a0000, 0x2df99810, 0x2df99a00, 0x2dfa0000)
    ro space 10240K,  44% used [0x3b0a0000, 0x3b517e30, 0x3b518000, 0x3baa0000)
    rw space 12288K,  52% used [0x3baa0000, 0x3c0eeb58, 0x3c0eec00, 0x3c6a0000)
}
Event: 692.789 GC heap before
{Heap before GC invocations=149 (full 7):
 def new generation   total 53760K, used 53396K [0x116a0000, 0x150f0000, 0x19f40000)
  eden space 47808K, 100% used [0x116a0000, 0x14550000, 0x14550000)
  from space 5952K,  93% used [0x14550000, 0x14ac5058, 0x14b20000)
  to   space 5952K,   0% used [0x14b20000, 0x14b20000, 0x150f0000)
 tenured generation   total 119316K, used 109412K [0x19f40000, 0x213c5000, 0x2b0a0000)
   the space 119316K,  91% used [0x19f40000, 0x20a19220, 0x20a19400, 0x213c5000)
 compacting perm gen  total 48128K, used 48102K [0x2b0a0000, 0x2dfa0000, 0x3b0a0000)
   the space 48128K,  99% used [0x2b0a0000, 0x2df99810, 0x2df99a00, 0x2dfa0000)
    ro space 10240K,  44% used [0x3b0a0000, 0x3b517e30, 0x3b518000, 0x3baa0000)
    rw space 12288K,  52% used [0x3baa0000, 0x3c0eeb58, 0x3c0eec00, 0x3c6a0000)
Event: 692.797 GC heap after
Heap after GC invocations=150 (full 7):
 def new generation   total 53760K, used 5256K [0x116a0000, 0x150f0000, 0x19f40000)
  eden space 47808K,   0% used [0x116a0000, 0x116a0000, 0x14550000)
  from space 5952K,  88% used [0x14b20000, 0x15042028, 0x150f0000)
  to   space 5952K,   0% used [0x14550000, 0x14550000, 0x14b20000)
 tenured generation   total 119316K, used 111771K [0x19f40000, 0x213c5000, 0x2b0a0000)
   the space 119316K,  93% used [0x19f40000, 0x20c66c78, 0x20c66e00, 0x213c5000)
 compacting perm gen  total 48128K, used 48102K [0x2b0a0000, 0x2dfa0000, 0x3b0a0000)
   the space 48128K,  99% used [0x2b0a0000, 0x2df99810, 0x2df99a00, 0x2dfa0000)
    ro space 10240K,  44% used [0x3b0a0000, 0x3b517e30, 0x3b518000, 0x3baa0000)
    rw space 12288K,  52% used [0x3baa0000, 0x3c0eeb58, 0x3c0eec00, 0x3c6a0000)
}

